C:\USERS\ALEC\DOCUMENTS\DEVELOPMENT\CPP\VOXELCRAFT\VOXELCRAFTWIN\UNMANAGED\DEBUG\VCCHUNKGENERATOR.OBJ
C:\USERS\ALEC\DOCUMENTS\DEVELOPMENT\CPP\VOXELCRAFT\VOXELCRAFTWIN\UNMANAGED\DEBUG\VC110.PDB
C:\USERS\ALEC\DOCUMENTS\DEVELOPMENT\CPP\VOXELCRAFT\VOXELCRAFTWIN\UNMANAGED\DEBUG\VCAPPLICATION.OBJ
C:\USERS\ALEC\DOCUMENTS\DEVELOPMENT\CPP\VOXELCRAFT\VOXELCRAFTWIN\UNMANAGED\DEBUG\VCBLOCK.OBJ
C:\USERS\ALEC\DOCUMENTS\DEVELOPMENT\CPP\VOXELCRAFT\VOXELCRAFTWIN\UNMANAGED\DEBUG\VCCAMERA.OBJ
C:\USERS\ALEC\DOCUMENTS\DEVELOPMENT\CPP\VOXELCRAFT\VOXELCRAFTWIN\UNMANAGED\DEBUG\VCCHUNK.OBJ
C:\USERS\ALEC\DOCUMENTS\DEVELOPMENT\CPP\VOXELCRAFT\VOXELCRAFTWIN\UNMANAGED\DEBUG\VCGLRENDERER.OBJ
C:\USERS\ALEC\DOCUMENTS\DEVELOPMENT\CPP\VOXELCRAFT\VOXELCRAFTWIN\UNMANAGED\DEBUG\VCGAME.OBJ
C:\USERS\ALEC\DOCUMENTS\DEVELOPMENT\CPP\VOXELCRAFT\VOXELCRAFTWIN\UNMANAGED\DEBUG\VCGAMEOBJECT.OBJ
C:\USERS\ALEC\DOCUMENTS\DEVELOPMENT\CPP\VOXELCRAFT\VOXELCRAFTWIN\UNMANAGED\DEBUG\VCINPUT.OBJ
C:\USERS\ALEC\DOCUMENTS\DEVELOPMENT\CPP\VOXELCRAFT\VOXELCRAFTWIN\UNMANAGED\DEBUG\VCINSPECTORWINDOW.OBJ
C:\USERS\ALEC\DOCUMENTS\DEVELOPMENT\CPP\VOXELCRAFT\VOXELCRAFTWIN\UNMANAGED\DEBUG\VCMARSHALABLEOBJECT.OBJ
C:\USERS\ALEC\DOCUMENTS\DEVELOPMENT\CPP\VOXELCRAFT\VOXELCRAFTWIN\UNMANAGED\DEBUG\VCMONORUNTIME.OBJ
C:\USERS\ALEC\DOCUMENTS\DEVELOPMENT\CPP\VOXELCRAFT\VOXELCRAFTWIN\UNMANAGED\DEBUG\VCOBJECTSTORE.OBJ
C:\USERS\ALEC\DOCUMENTS\DEVELOPMENT\CPP\VOXELCRAFT\VOXELCRAFTWIN\UNMANAGED\DEBUG\VCSCENEGRAPH.OBJ
C:\USERS\ALEC\DOCUMENTS\DEVELOPMENT\CPP\VOXELCRAFT\VOXELCRAFTWIN\UNMANAGED\DEBUG\VCTESTSHADER.OBJ
C:\USERS\ALEC\DOCUMENTS\DEVELOPMENT\CPP\VOXELCRAFT\VOXELCRAFTWIN\UNMANAGED\DEBUG\VCTIME.OBJ
C:\USERS\ALEC\DOCUMENTS\DEVELOPMENT\CPP\VOXELCRAFT\VOXELCRAFTWIN\UNMANAGED\DEBUG\VCUPDATEMANAGER.OBJ
C:\USERS\ALEC\DOCUMENTS\DEVELOPMENT\CPP\VOXELCRAFT\VOXELCRAFTWIN\UNMANAGED\DEBUG\VCVOXELSHADER.OBJ
C:\USERS\ALEC\DOCUMENTS\DEVELOPMENT\CPP\VOXELCRAFT\VOXELCRAFTWIN\UNMANAGED\DEBUG\VCWINDOW.OBJ
C:\USERS\ALEC\DOCUMENTS\DEVELOPMENT\CPP\VOXELCRAFT\VOXELCRAFTWIN\UNMANAGED\DEBUG\VCWORLD.OBJ
C:\USERS\ALEC\DOCUMENTS\DEVELOPMENT\CPP\VOXELCRAFT\VOXELCRAFTWIN\UNMANAGED\DEBUG\MAIN.OBJ
C:\USERS\ALEC\DOCUMENTS\DEVELOPMENT\CPP\VOXELCRAFT\VOXELCRAFTWIN\UNMANAGED\DEBUG\SHADER.OBJ
C:\USERS\ALEC\DOCUMENTS\DEVELOPMENT\CPP\VOXELCRAFT\VOXELCRAFTWIN\UNMANAGED\DEBUG\SIMPLEXNOISE.OBJ
C:\USERS\ALEC\DOCUMENTS\DEVELOPMENT\CPP\VOXELCRAFT\VOXELCRAFTWIN\UNMANAGED\DEBUG\UTILITIES.OBJ
C:\USERS\ALEC\DOCUMENTS\DEVELOPMENT\CPP\VOXELCRAFT\VOXELCRAFTWIN\DEBUG\UNMANAGED.ILK
C:\USERS\ALEC\DOCUMENTS\DEVELOPMENT\CPP\VOXELCRAFT\VOXELCRAFTWIN\DEBUG\UNMANAGED.EXE
C:\USERS\ALEC\DOCUMENTS\DEVELOPMENT\CPP\VOXELCRAFT\VOXELCRAFTWIN\DEBUG\UNMANAGED.PDB
C:\Users\Alec\Documents\Development\CPP\VoxelCraft\VoxelCraftWin\UnManaged\Debug\main.obj
C:\Users\Alec\Documents\Development\CPP\VoxelCraft\VoxelCraftWin\UnManaged\Debug\Shader.obj
C:\Users\Alec\Documents\Development\CPP\VoxelCraft\VoxelCraftWin\UnManaged\Debug\SimplexNoise.obj
C:\Users\Alec\Documents\Development\CPP\VoxelCraft\VoxelCraftWin\UnManaged\Debug\Utilities.obj
C:\Users\Alec\Documents\Development\CPP\VoxelCraft\VoxelCraftWin\UnManaged\Debug\VCApplication.obj
C:\Users\Alec\Documents\Development\CPP\VoxelCraft\VoxelCraftWin\UnManaged\Debug\VCBlock.obj
C:\Users\Alec\Documents\Development\CPP\VoxelCraft\VoxelCraftWin\UnManaged\Debug\VCCamera.obj
C:\Users\Alec\Documents\Development\CPP\VoxelCraft\VoxelCraftWin\UnManaged\Debug\VCChunk.obj
C:\Users\Alec\Documents\Development\CPP\VoxelCraft\VoxelCraftWin\UnManaged\Debug\VCChunkGenerator.obj
C:\Users\Alec\Documents\Development\CPP\VoxelCraft\VoxelCraftWin\UnManaged\Debug\VCGame.obj
C:\Users\Alec\Documents\Development\CPP\VoxelCraft\VoxelCraftWin\UnManaged\Debug\VCGameObject.obj
C:\Users\Alec\Documents\Development\CPP\VoxelCraft\VoxelCraftWin\UnManaged\Debug\VCGLRenderer.obj
C:\Users\Alec\Documents\Development\CPP\VoxelCraft\VoxelCraftWin\UnManaged\Debug\VCInput.obj
C:\Users\Alec\Documents\Development\CPP\VoxelCraft\VoxelCraftWin\UnManaged\Debug\VCInspectorWindow.obj
C:\Users\Alec\Documents\Development\CPP\VoxelCraft\VoxelCraftWin\UnManaged\Debug\VCMarshalableObject.obj
C:\Users\Alec\Documents\Development\CPP\VoxelCraft\VoxelCraftWin\UnManaged\Debug\VCMonoRuntime.obj
C:\Users\Alec\Documents\Development\CPP\VoxelCraft\VoxelCraftWin\UnManaged\Debug\VCObjectStore.obj
C:\Users\Alec\Documents\Development\CPP\VoxelCraft\VoxelCraftWin\UnManaged\Debug\VCSceneGraph.obj
C:\Users\Alec\Documents\Development\CPP\VoxelCraft\VoxelCraftWin\UnManaged\Debug\VCTestShader.obj
C:\Users\Alec\Documents\Development\CPP\VoxelCraft\VoxelCraftWin\UnManaged\Debug\VCTime.obj
C:\Users\Alec\Documents\Development\CPP\VoxelCraft\VoxelCraftWin\UnManaged\Debug\VCUpdateManager.obj
C:\Users\Alec\Documents\Development\CPP\VoxelCraft\VoxelCraftWin\UnManaged\Debug\VCVoxelShader.obj
C:\Users\Alec\Documents\Development\CPP\VoxelCraft\VoxelCraftWin\UnManaged\Debug\VCWindow.obj
C:\Users\Alec\Documents\Development\CPP\VoxelCraft\VoxelCraftWin\UnManaged\Debug\VCWorld.obj
C:\Users\Alec\Documents\Development\CPP\VoxelCraft\VoxelCraftWin\UnManaged\Debug\cl.command.1.tlog
C:\Users\Alec\Documents\Development\CPP\VoxelCraft\VoxelCraftWin\UnManaged\Debug\CL.read.1.tlog
C:\Users\Alec\Documents\Development\CPP\VoxelCraft\VoxelCraftWin\UnManaged\Debug\CL.write.1.tlog
C:\Users\Alec\Documents\Development\CPP\VoxelCraft\VoxelCraftWin\UnManaged\Debug\link-cvtres.read.1.tlog
C:\Users\Alec\Documents\Development\CPP\VoxelCraft\VoxelCraftWin\UnManaged\Debug\link-cvtres.write.1.tlog
C:\Users\Alec\Documents\Development\CPP\VoxelCraft\VoxelCraftWin\UnManaged\Debug\link-rc.read.1.tlog
C:\Users\Alec\Documents\Development\CPP\VoxelCraft\VoxelCraftWin\UnManaged\Debug\link-rc.write.1.tlog
C:\Users\Alec\Documents\Development\CPP\VoxelCraft\VoxelCraftWin\UnManaged\Debug\link.command.1.tlog
C:\Users\Alec\Documents\Development\CPP\VoxelCraft\VoxelCraftWin\UnManaged\Debug\link.read.1.tlog
C:\Users\Alec\Documents\Development\CPP\VoxelCraft\VoxelCraftWin\UnManaged\Debug\link.write.1.tlog
C:\Users\Alec\Documents\Development\CPP\VoxelCraft\VoxelCraftWin\UnManaged\Debug\vc110.idb
C:\Users\Alec\Documents\Development\CPP\VoxelCraft\VoxelCraftWin\UnManaged\Debug\vc110.pdb
C:\Users\Alec\Documents\Development\CPP\VoxelCraft\VoxelCraftWin\Debug\UnManaged.pdb
C:\Users\Alec\Documents\Development\CPP\VoxelCraft\VoxelCraftWin\Debug\UnManaged.exe
C:\Users\Alec\Documents\Development\CPP\VoxelCraft\VoxelCraftWin\Debug\UnManaged.ilk
