Build started 9/24/2013 1:39:27 PM.
     1>Project "C:\Users\Alec\Documents\Development\CPP\VoxelCraft\VoxelCraftWin\UnManaged\UnManaged.vcxproj" on node 2 (Build target(s)).
     1>ClCompile:
         C:\Program Files (x86)\Microsoft Visual Studio 11.0\VC\bin\CL.exe /c /ZI /nologo /W3 /WX- /sdl /Od /Oy- /D _MBCS /Gm /EHsc /RTC1 /MDd /GS /fp:precise /Zc:wchar_t /Zc:forScope /Fo"Debug\\" /Fd"Debug\vc110.pdb" /Gd /TP /analyze- /errorReport:prompt VCWindow.cpp
         VCWindow.cpp
       Link:
         C:\Program Files (x86)\Microsoft Visual Studio 11.0\VC\bin\link.exe /ERRORREPORT:PROMPT /OUT:"C:\Users\Alec\Documents\Development\CPP\VoxelCraft\VoxelCraftWin\Debug\UnManaged.exe" /INCREMENTAL /NOLOGO opengl32.lib glfw3dll.lib kernel32.lib user32.lib glew32.lib glew32.lib mono.lib kernel32.lib user32.lib gdi32.lib winspool.lib comdlg32.lib advapi32.lib shell32.lib ole32.lib oleaut32.lib uuid.lib odbc32.lib odbccp32.lib /MANIFEST /MANIFESTUAC:"level='asInvoker' uiAccess='false'" /manifest:embed /DEBUG /PDB:"C:\Users\Alec\Documents\Development\CPP\VoxelCraft\VoxelCraftWin\Debug\UnManaged.pdb" /TLBID:1 /DYNAMICBASE /NXCOMPAT /IMPLIB:"C:\Users\Alec\Documents\Development\CPP\VoxelCraft\VoxelCraftWin\Debug\UnManaged.lib" /MACHINE:X86 Debug\main.obj
         Debug\Shader.obj
         Debug\SimplexNoise.obj
         Debug\Utilities.obj
         Debug\VCApplication.obj
         Debug\VCBlock.obj
         Debug\VCCamera.obj
         Debug\VCChunk.obj
         Debug\VCChunkGenerator.obj
         Debug\VCGame.obj
         Debug\VCGameObject.obj
         Debug\VCGLRenderer.obj
         Debug\VCInput.obj
         Debug\VCInspectorWindow.obj
         Debug\VCMarshalableObject.obj
         Debug\VCMonoRuntime.obj
         Debug\VCObjectStore.obj
         Debug\VCSceneGraph.obj
         Debug\VCTestShader.obj
         Debug\VCTime.obj
         Debug\VCUpdateManager.obj
         Debug\VCVoxelShader.obj
         Debug\VCWindow.obj
         Debug\VCWorld.obj
         UnManaged.vcxproj -> C:\Users\Alec\Documents\Development\CPP\VoxelCraft\VoxelCraftWin\Debug\UnManaged.exe
     1>Done Building Project "C:\Users\Alec\Documents\Development\CPP\VoxelCraft\VoxelCraftWin\UnManaged\UnManaged.vcxproj" (Build target(s)).

Build succeeded.

Time Elapsed 00:00:02.07
